<?xml version="1.0" encoding="UTF-8"?>
<testsuite xmlns:xsi="http://www.w3.org/2001/XMLSchema-instance" xsi:noNamespaceSchemaLocation="https://maven.apache.org/surefire/maven-surefire-plugin/xsd/surefire-test-report-3.0.xsd" version="3.0" name="TestSuite" time="284.058" tests="10" errors="0" skipped="0" failures="0">
  <properties>
[...]
</properties>
  <testcase name="runScenario[&quot;corporate car rental page&quot;, &quot;Optional[Corporate car rental]&quot;](1)" classname="com.mindtree.runner.BDDTestRunner" time="53.433">
    <system-out><![CDATA[CorporateCarRental
01-17-2022 22:15:14 ExtentLogUtilities.java INFO  [main] stepDefinitions.outstationStepDef 14 - URL Opened
01-17-2022 22:15:15 ExtentLogUtilities.java INFO  [main] stepDefinitions.outstationStepDef 14 - car rental is clicked in page rental
01-17-2022 22:15:22 ExtentLogUtilities.java INFO  [main] stepDefinitions.outstationStepDef 14 - clicked the name is clicked in page name
01-17-2022 22:15:23 ExtentLogUtilities.java INFO  [main] stepDefinitions.outstationStepDef 14 - entered name is send in page name
01-17-2022 22:15:25 ExtentLogUtilities.java INFO  [main] stepDefinitions.outstationStepDef 14 - clicked company name is clicked in page compname
01-17-2022 22:15:26 ExtentLogUtilities.java INFO  [main] stepDefinitions.outstationStepDef 14 - entered company name is send in page compname
01-17-2022 22:15:27 ExtentLogUtilities.java INFO  [main] stepDefinitions.outstationStepDef 14 - clicked email is clicked in page email
01-17-2022 22:15:28 ExtentLogUtilities.java INFO  [main] stepDefinitions.outstationStepDef 14 - entered email is send in page email
01-17-2022 22:15:29 ExtentLogUtilities.java INFO  [main] stepDefinitions.outstationStepDef 14 - clicked phone no is clicked in page phoneno
01-17-2022 22:15:30 ExtentLogUtilities.java INFO  [main] stepDefinitions.outstationStepDef 14 - entered phone no is send in page phoneno
01-17-2022 22:15:32 ExtentLogUtilities.java INFO  [main] stepDefinitions.outstationStepDef 14 - submit is clicked in page submit
01-17-2022 22:15:53 ExtentLogUtilities.java INFO  [main] stepDefinitions.outstationStepDef 14 - result detail shown 
01-17-2022 22:15:54 ExtentLogUtilities.java INFO  [main] stepDefinitions.outstationStepDef 14 - home page is clicked in page home page
]]></system-out>
    <system-err><![CDATA[Starting ChromeDriver 96.0.4664.45 (76e4c1bb2ab4671b8beba3444e61c0f17584b2fc-refs/branch-heads/4664@{#947}) on port 7119
Only local connections are allowed.
Please see https://chromedriver.chromium.org/security-considerations for suggestions on keeping ChromeDriver safe.
ChromeDriver was started successfully.
[1642437907.318][WARNING]: This version of ChromeDriver has not been tested with Chrome version 97.
Jan 17, 2022 10:15:08 PM org.openqa.selenium.remote.ProtocolHandshake createSession
INFO: Detected dialect: W3C
]]></system-err>
  </testcase>
  <testcase name="runScenario[&quot;selecting chen-trl in in onewaycab&quot;, &quot;Optional[Oneway cab page]&quot;](2)" classname="com.mindtree.runner.BDDTestRunner" time="37.864">
    <system-out><![CDATA[OneWayCabs
01-17-2022 22:16:05 ExtentLogUtilities.java INFO  [main] stepDefinitions.validpageStepDef 14 - URL Opened
01-17-2022 22:16:06 ExtentLogUtilities.java INFO  [main] stepDefinitions.validpageStepDef 14 - One way cab is clicked in page onewaycab
01-17-2022 22:16:19 ExtentLogUtilities.java INFO  [main] stepDefinitions.validpageStepDef 14 - chennaitab is clicked in page chennai
01-17-2022 22:16:22 ExtentLogUtilities.java INFO  [main] stepDefinitions.validpageStepDef 14 - trl is clicked in page trl
Book Outstation Cabs, Local & Airport Taxi Service - India's Leading Car Rentals
01-17-2022 22:16:32 ExtentLogUtilities.java INFO  [main] stepDefinitions.validpageStepDef 14 - home page is clicked in page home page
]]></system-out>
    <system-err><![CDATA[Starting ChromeDriver 96.0.4664.45 (76e4c1bb2ab4671b8beba3444e61c0f17584b2fc-refs/branch-heads/4664@{#947}) on port 25534
Only local connections are allowed.
Please see https://chromedriver.chromium.org/security-considerations for suggestions on keeping ChromeDriver safe.
ChromeDriver was started successfully.
[1642437958.802][WARNING]: This version of ChromeDriver has not been tested with Chrome version 97.
Jan 17, 2022 10:15:59 PM org.openqa.selenium.remote.ProtocolHandshake createSession
INFO: Detected dialect: W3C
]]></system-err>
  </testcase>
  <testcase name="runScenario[&quot;Validating With valid Email And Password&quot;, &quot;Optional[Log in Validation]&quot;](3)" classname="com.mindtree.runner.BDDTestRunner" time="20.323">
    <system-out><![CDATA[Valid page
01-17-2022 22:16:43 ExtentLogUtilities.java INFO  [main] stepDefinitions.validpageStepDef 14 - URL Opened
01-17-2022 22:16:44 ExtentLogUtilities.java INFO  [main] stepDefinitions.validpageStepDef 14 - signin is clicked in page home page
01-17-2022 22:16:49 ExtentLogUtilities.java INFO  [main] stepDefinitions.validpageStepDef 14 - entered Email is send in page Account Log in
01-17-2022 22:16:50 ExtentLogUtilities.java INFO  [main] stepDefinitions.validpageStepDef 14 - entered password is send in page Account Log in
01-17-2022 22:16:51 ExtentLogUtilities.java INFO  [main] stepDefinitions.validpageStepDef 14 - sign in button is clicked in page Account Log in
01-17-2022 22:16:52 ExtentLogUtilities.java INFO  [main] stepDefinitions.validpageStepDef 14 - login verified
]]></system-out>
    <system-err><![CDATA[Starting ChromeDriver 96.0.4664.45 (76e4c1bb2ab4671b8beba3444e61c0f17584b2fc-refs/branch-heads/4664@{#947}) on port 17579
Only local connections are allowed.
Please see https://chromedriver.chromium.org/security-considerations for suggestions on keeping ChromeDriver safe.
ChromeDriver was started successfully.
[1642437996.766][WARNING]: This version of ChromeDriver has not been tested with Chrome version 97.
Jan 17, 2022 10:16:37 PM org.openqa.selenium.remote.ProtocolHandshake createSession
INFO: Detected dialect: W3C
]]></system-err>
  </testcase>
  <testcase name="runScenario[&quot;signout application&quot;, &quot;Optional[signout app]&quot;](4)" classname="com.mindtree.runner.BDDTestRunner" time="24.76">
    <system-out><![CDATA[Signout
01-17-2022 22:17:04 ExtentLogUtilities.java INFO  [main] stepDefinitions.outstationStepDef 14 - URL Opened
01-17-2022 22:17:05 ExtentLogUtilities.java INFO  [main] stepDefinitions.outstationStepDef 14 - signin is clicked in page home page
01-17-2022 22:17:11 ExtentLogUtilities.java INFO  [main] stepDefinitions.outstationStepDef 14 - Email entered  is send in page Account Log in
01-17-2022 22:17:11 ExtentLogUtilities.java INFO  [main] stepDefinitions.outstationStepDef 14 - password entered is send in page Account Log in
01-17-2022 22:17:12 ExtentLogUtilities.java INFO  [main] stepDefinitions.outstationStepDef 14 - sign in button is clicked in page Account Log in
01-17-2022 22:17:13 ExtentLogUtilities.java INFO  [main] stepDefinitions.outstationStepDef 14 - img is clicked in page img
01-17-2022 22:17:16 ExtentLogUtilities.java INFO  [main] stepDefinitions.outstationStepDef 14 - logout is clicked in page logout
01-17-2022 22:17:17 ExtentLogUtilities.java INFO  [main] stepDefinitions.outstationStepDef 14 - Signed out
]]></system-out>
    <system-err><![CDATA[Starting ChromeDriver 96.0.4664.45 (76e4c1bb2ab4671b8beba3444e61c0f17584b2fc-refs/branch-heads/4664@{#947}) on port 13474
Only local connections are allowed.
Please see https://chromedriver.chromium.org/security-considerations for suggestions on keeping ChromeDriver safe.
ChromeDriver was started successfully.
[1642438017.275][WARNING]: This version of ChromeDriver has not been tested with Chrome version 97.
Jan 17, 2022 10:16:58 PM org.openqa.selenium.remote.ProtocolHandshake createSession
INFO: Detected dialect: W3C
]]></system-err>
  </testcase>
  <testcase name="runScenario[&quot;selecting car in airport&quot;, &quot;Optional[airport book]&quot;](5)" classname="com.mindtree.runner.BDDTestRunner" time="28.196">
    <system-out><![CDATA[airport page
01-17-2022 22:17:28 ExtentLogUtilities.java INFO  [main] stepDefinitions.validpageStepDef 14 - URL Opened
01-17-2022 22:17:29 ExtentLogUtilities.java INFO  [main] stepDefinitions.validpageStepDef 14 - airport is clicked in page airport
01-17-2022 22:17:30 ExtentLogUtilities.java INFO  [main] stepDefinitions.validpageStepDef 14 - from place is clicked in page from
01-17-2022 22:17:31 ExtentLogUtilities.java INFO  [main] stepDefinitions.validpageStepDef 14 - place is send in page from
01-17-2022 22:17:32 ExtentLogUtilities.java INFO  [main] stepDefinitions.validpageStepDef 14 - from is clicked in page from
01-17-2022 22:17:33 ExtentLogUtilities.java INFO  [main] stepDefinitions.validpageStepDef 14 - dropaddress is clicked in page address
01-17-2022 22:17:34 ExtentLogUtilities.java INFO  [main] stepDefinitions.validpageStepDef 14 - dropaddress is send in page address
01-17-2022 22:17:37 ExtentLogUtilities.java INFO  [main] stepDefinitions.validpageStepDef 14 - dropaddress is clicked in page address
01-17-2022 22:17:40 ExtentLogUtilities.java INFO  [main] stepDefinitions.validpageStepDef 14 - selected is clicked in page select
01-17-2022 22:17:43 ExtentLogUtilities.java INFO  [main] stepDefinitions.validpageStepDef 14 - select car is clicked in page select
01-17-2022 22:17:44 ExtentLogUtilities.java INFO  [main] stepDefinitions.validpageStepDef 14 - booking detail displayed 
01-17-2022 22:17:45 ExtentLogUtilities.java INFO  [main] stepDefinitions.validpageStepDef 14 - home page is clicked in page home page
]]></system-out>
    <system-err><![CDATA[Starting ChromeDriver 96.0.4664.45 (76e4c1bb2ab4671b8beba3444e61c0f17584b2fc-refs/branch-heads/4664@{#947}) on port 33977
Only local connections are allowed.
Please see https://chromedriver.chromium.org/security-considerations for suggestions on keeping ChromeDriver safe.
ChromeDriver was started successfully.
[1642438041.986][WARNING]: This version of ChromeDriver has not been tested with Chrome version 97.
Jan 17, 2022 10:17:22 PM org.openqa.selenium.remote.ProtocolHandshake createSession
INFO: Detected dialect: W3C
]]></system-err>
  </testcase>
  <testcase name="runScenario[&quot;verify download app&quot;, &quot;Optional[download app]&quot;](6)" classname="com.mindtree.runner.BDDTestRunner" time="18.538">
    <system-out><![CDATA[downloadapp page
01-17-2022 22:17:56 ExtentLogUtilities.java INFO  [main] stepDefinitions.downloadappStepDef 14 - URL Opened
01-17-2022 22:17:57 ExtentLogUtilities.java INFO  [main] stepDefinitions.downloadappStepDef 14 - playstore is clicked in page playstore
01-17-2022 22:18:02 ExtentLogUtilities.java INFO  [main] stepDefinitions.downloadappStepDef 14 - went to download
01-17-2022 22:18:03 ExtentLogUtilities.java INFO  [main] stepDefinitions.downloadappStepDef 14 - home page is clicked in page home page
]]></system-out>
    <system-err><![CDATA[Starting ChromeDriver 96.0.4664.45 (76e4c1bb2ab4671b8beba3444e61c0f17584b2fc-refs/branch-heads/4664@{#947}) on port 2619
Only local connections are allowed.
Please see https://chromedriver.chromium.org/security-considerations for suggestions on keeping ChromeDriver safe.
ChromeDriver was started successfully.
[1642438070.122][WARNING]: This version of ChromeDriver has not been tested with Chrome version 97.
Jan 17, 2022 10:17:50 PM org.openqa.selenium.remote.ProtocolHandshake createSession
INFO: Detected dialect: W3C
]]></system-err>
  </testcase>
  <testcase name="runScenario[&quot;selecting car in local&quot;, &quot;Optional[local book]&quot;](7)" classname="com.mindtree.runner.BDDTestRunner" time="23.254">
    <system-out><![CDATA[Valid page
01-17-2022 22:18:15 ExtentLogUtilities.java INFO  [main] stepDefinitions.validpageStepDef 14 - URL Opened
01-17-2022 22:18:16 ExtentLogUtilities.java INFO  [main] stepDefinitions.validpageStepDef 14 - local is clicked in page local
01-17-2022 22:18:17 ExtentLogUtilities.java INFO  [main] stepDefinitions.validpageStepDef 14 - from place is clicked in page from
01-17-2022 22:18:18 ExtentLogUtilities.java INFO  [main] stepDefinitions.validpageStepDef 14 - place selected is send in page from
01-17-2022 22:18:21 ExtentLogUtilities.java INFO  [main] stepDefinitions.validpageStepDef 14 - got selected is clicked in page select
01-17-2022 22:18:24 ExtentLogUtilities.java INFO  [main] stepDefinitions.validpageStepDef 14 - time is clicked in page time
01-17-2022 22:18:25 ExtentLogUtilities.java INFO  [main] stepDefinitions.validpageStepDef 14 - select car is clicked in page select
01-17-2022 22:18:25 ExtentLogUtilities.java INFO  [main] stepDefinitions.validpageStepDef 14 - booking detail displayed 
01-17-2022 22:18:26 ExtentLogUtilities.java INFO  [main] stepDefinitions.validpageStepDef 14 - home page is clicked in page home page
]]></system-out>
    <system-err><![CDATA[Starting ChromeDriver 96.0.4664.45 (76e4c1bb2ab4671b8beba3444e61c0f17584b2fc-refs/branch-heads/4664@{#947}) on port 48181
Only local connections are allowed.
Please see https://chromedriver.chromium.org/security-considerations for suggestions on keeping ChromeDriver safe.
ChromeDriver was started successfully.
[1642438088.855][WARNING]: This version of ChromeDriver has not been tested with Chrome version 97.
Jan 17, 2022 10:18:09 PM org.openqa.selenium.remote.ProtocolHandshake createSession
INFO: Detected dialect: W3C
]]></system-err>
  </testcase>
  <testcase name="runScenario[&quot;selecting car in outstation&quot;, &quot;Optional[Outstation book]&quot;](8)" classname="com.mindtree.runner.BDDTestRunner" time="30.744">
    <system-out><![CDATA[out station
01-17-2022 22:18:40 ExtentLogUtilities.java INFO  [main] stepDefinitions.outstationStepDef 14 - URL Opened
01-17-2022 22:18:41 ExtentLogUtilities.java INFO  [main] stepDefinitions.outstationStepDef 14 - from place is clicked in page from
01-17-2022 22:18:42 ExtentLogUtilities.java INFO  [main] stepDefinitions.outstationStepDef 14 - place selected is send in page from
01-17-2022 22:18:43 ExtentLogUtilities.java INFO  [main] stepDefinitions.outstationStepDef 14 - place is clicked in page to
01-17-2022 22:18:44 ExtentLogUtilities.java INFO  [main] stepDefinitions.outstationStepDef 14 - place selected. is send in page to
01-17-2022 22:18:45 ExtentLogUtilities.java INFO  [main] stepDefinitions.outstationStepDef 14 - place is clicked in page to
01-17-2022 22:18:50 ExtentLogUtilities.java INFO  [main] stepDefinitions.outstationStepDef 14 - selected is clicked in page select
01-17-2022 22:18:53 ExtentLogUtilities.java INFO  [main] stepDefinitions.outstationStepDef 14 - verified uccessfully
01-17-2022 22:18:56 ExtentLogUtilities.java INFO  [main] stepDefinitions.outstationStepDef 14 - home page is clicked in page home page
]]></system-out>
    <system-err><![CDATA[Starting ChromeDriver 96.0.4664.45 (76e4c1bb2ab4671b8beba3444e61c0f17584b2fc-refs/branch-heads/4664@{#947}) on port 38066
Only local connections are allowed.
Please see https://chromedriver.chromium.org/security-considerations for suggestions on keeping ChromeDriver safe.
ChromeDriver was started successfully.
[1642438111.811][WARNING]: This version of ChromeDriver has not been tested with Chrome version 97.
Jan 17, 2022 10:18:32 PM org.openqa.selenium.remote.ProtocolHandshake createSession
INFO: Detected dialect: W3C
]]></system-err>
  </testcase>
  <testcase name="runScenario[&quot;selecting car in roundtrip&quot;, &quot;Optional[roundtrip book]&quot;](9)" classname="com.mindtree.runner.BDDTestRunner" time="30.945">
    <system-out><![CDATA[Valid page
01-17-2022 22:19:10 ExtentLogUtilities.java INFO  [main] stepDefinitions.validpageStepDef 14 - URL Opened
01-17-2022 22:19:13 ExtentLogUtilities.java INFO  [main] stepDefinitions.validpageStepDef 14 - round is clicked in page round
01-17-2022 22:19:14 ExtentLogUtilities.java INFO  [main] stepDefinitions.validpageStepDef 14 - from place is clicked in page from
01-17-2022 22:19:15 ExtentLogUtilities.java INFO  [main] stepDefinitions.validpageStepDef 14 - place selected is send in page from
01-17-2022 22:19:16 ExtentLogUtilities.java INFO  [main] stepDefinitions.validpageStepDef 14 - place is clicked in page to
01-17-2022 22:19:17 ExtentLogUtilities.java INFO  [main] stepDefinitions.validpageStepDef 14 - place selected. is send in page to
01-17-2022 22:19:18 ExtentLogUtilities.java INFO  [main] stepDefinitions.validpageStepDef 14 - place is clicked in page to
01-17-2022 22:19:23 ExtentLogUtilities.java INFO  [main] stepDefinitions.validpageStepDef 14 - selected is clicked in page select
01-17-2022 22:19:26 ExtentLogUtilities.java INFO  [main] stepDefinitions.validpageStepDef 14 - select car is clicked in page select
01-17-2022 22:19:27 ExtentLogUtilities.java INFO  [main] stepDefinitions.validpageStepDef 14 - booking detail is displayed
01-17-2022 22:19:28 ExtentLogUtilities.java INFO  [main] stepDefinitions.validpageStepDef 14 - home page is clicked in page home page
]]></system-out>
    <system-err><![CDATA[Starting ChromeDriver 96.0.4664.45 (76e4c1bb2ab4671b8beba3444e61c0f17584b2fc-refs/branch-heads/4664@{#947}) on port 39993
Only local connections are allowed.
Please see https://chromedriver.chromium.org/security-considerations for suggestions on keeping ChromeDriver safe.
ChromeDriver was started successfully.
[1642438143.562][WARNING]: This version of ChromeDriver has not been tested with Chrome version 97.
Jan 17, 2022 10:19:04 PM org.openqa.selenium.remote.ProtocolHandshake createSession
INFO: Detected dialect: W3C
]]></system-err>
  </testcase>
  <testcase name="runScenario[&quot;validate the page title&quot;, &quot;Optional[Validate Page]&quot;](10)" classname="com.mindtree.runner.BDDTestRunner" time="13.481">
    <system-out><![CDATA[Valid page
01-17-2022 22:19:41 ExtentLogUtilities.java INFO  [main] stepDefinitions.validpageStepDef 14 - URL Opened
01-17-2022 22:19:42 ExtentLogUtilities.java INFO  [main] stepDefinitions.validpageStepDef 14 - Page opend with title Book Outstation Cabs, Local & Airport Taxi Service - India's Leading Car Rentals
]]></system-out>
    <system-err><![CDATA[Starting ChromeDriver 96.0.4664.45 (76e4c1bb2ab4671b8beba3444e61c0f17584b2fc-refs/branch-heads/4664@{#947}) on port 47973
Only local connections are allowed.
Please see https://chromedriver.chromium.org/security-considerations for suggestions on keeping ChromeDriver safe.
ChromeDriver was started successfully.
[1642438174.614][WARNING]: This version of ChromeDriver has not been tested with Chrome version 97.
Jan 17, 2022 10:19:35 PM org.openqa.selenium.remote.ProtocolHandshake createSession
INFO: Detected dialect: W3C
]]></system-err>
  </testcase>
</testsuite>